16:01:56 23/01/2019 :: INFO :: Loading DSO names ...
16:01:56 23/01/2019 :: DEBUG :: dso names loaded in 0.32
16:01:56 23/01/2019 :: INFO :: Loading star names ...
16:01:56 23/01/2019 :: INFO :: Loading constellations names ...
16:01:56 23/01/2019 :: INFO :: Loading MESSIER to NGC/IC map ...
16:01:56 23/01/2019 :: INFO :: Loading DSO Messier catalog ...
16:01:56 23/01/2019 :: DEBUG :: DSO Messier catalog(110 objects) was loaded in 0.9 seconds
16:01:56 23/01/2019 :: INFO :: Loading DSO NGC catalog ...
16:01:56 23/01/2019 :: DEBUG :: DSO NGC catalog(7840 objects) was loaded in 0.9 seconds
16:01:56 23/01/2019 :: INFO :: Loading DSO IC catalog ...
16:01:56 23/01/2019 :: DEBUG :: DSO IC catalog(5386 objects) was loaded in 0.12 seconds
16:01:56 23/01/2019 :: INFO :: Loading constellations ...
16:02:00 23/01/2019 :: INFO :: loading image m8182.jpg profile ...
16:03:49 23/01/2019 :: INFO :: Loading DSO names ...
16:03:49 23/01/2019 :: DEBUG :: dso names loaded in 0.13
16:03:49 23/01/2019 :: INFO :: Loading star names ...
16:03:49 23/01/2019 :: INFO :: Loading constellations names ...
16:03:49 23/01/2019 :: INFO :: Loading MESSIER to NGC/IC map ...
16:03:49 23/01/2019 :: INFO :: Loading DSO Messier catalog ...
16:03:49 23/01/2019 :: DEBUG :: DSO Messier catalog(110 objects) was loaded in 0.1 seconds
16:03:49 23/01/2019 :: INFO :: Loading DSO NGC catalog ...
16:03:49 23/01/2019 :: DEBUG :: DSO NGC catalog(7840 objects) was loaded in 0.4 seconds
16:03:49 23/01/2019 :: INFO :: Loading DSO IC catalog ...
16:03:49 23/01/2019 :: DEBUG :: DSO IC catalog(5386 objects) was loaded in 0.3 seconds
16:03:49 23/01/2019 :: INFO :: Loading constellations ...
16:03:53 23/01/2019 :: INFO :: loading image m8182.jpg profile ...
